F:\Git\CarRental\CarRental\ClientApp\app\app.component.js
F:\Git\CarRental\CarRental\ClientApp\app\app.component.js.map
F:\Git\CarRental\CarRental\ClientApp\app\navmenu.component.js
F:\Git\CarRental\CarRental\ClientApp\app\navmenu.component.js.map
F:\Git\CarRental\CarRental\ClientApp\app\main-page.component.js
F:\Git\CarRental\CarRental\ClientApp\app\main-page.component.js.map
F:\Git\CarRental\CarRental\ClientApp\app\user.js
F:\Git\CarRental\CarRental\ClientApp\app\user.js.map
F:\Git\CarRental\CarRental\ClientApp\app\car.js
F:\Git\CarRental\CarRental\ClientApp\app\car.js.map
F:\Git\CarRental\CarRental\ClientApp\app\order.js
F:\Git\CarRental\CarRental\ClientApp\app\order.js.map
F:\Git\CarRental\CarRental\ClientApp\app\data.service.js
F:\Git\CarRental\CarRental\ClientApp\app\data.service.js.map
F:\Git\CarRental\CarRental\ClientApp\app\car-list.component.js
F:\Git\CarRental\CarRental\ClientApp\app\car-list.component.js.map
F:\Git\CarRental\CarRental\ClientApp\app\car-form.component.js
F:\Git\CarRental\CarRental\ClientApp\app\car-form.component.js.map
F:\Git\CarRental\CarRental\ClientApp\app\car-create.component.js
F:\Git\CarRental\CarRental\ClientApp\app\car-create.component.js.map
F:\Git\CarRental\CarRental\ClientApp\app\car-edit.component.js
F:\Git\CarRental\CarRental\ClientApp\app\car-edit.component.js.map
F:\Git\CarRental\CarRental\ClientApp\app\user-list.component.js
F:\Git\CarRental\CarRental\ClientApp\app\user-list.component.js.map
F:\Git\CarRental\CarRental\ClientApp\app\user-form.component.js
F:\Git\CarRental\CarRental\ClientApp\app\user-form.component.js.map
F:\Git\CarRental\CarRental\ClientApp\app\user-create.component.js
F:\Git\CarRental\CarRental\ClientApp\app\user-create.component.js.map
F:\Git\CarRental\CarRental\ClientApp\app\user-edit.component.js
F:\Git\CarRental\CarRental\ClientApp\app\user-edit.component.js.map
F:\Git\CarRental\CarRental\ClientApp\app\viewOrder.js
F:\Git\CarRental\CarRental\ClientApp\app\viewOrder.js.map
F:\Git\CarRental\CarRental\ClientApp\app\order-list.component.js
F:\Git\CarRental\CarRental\ClientApp\app\order-list.component.js.map
F:\Git\CarRental\CarRental\ClientApp\app\order-form.component.js
F:\Git\CarRental\CarRental\ClientApp\app\order-form.component.js.map
F:\Git\CarRental\CarRental\ClientApp\app\order-create.component.js
F:\Git\CarRental\CarRental\ClientApp\app\order-create.component.js.map
F:\Git\CarRental\CarRental\ClientApp\app\order-edit.component.js
F:\Git\CarRental\CarRental\ClientApp\app\order-edit.component.js.map
F:\Git\CarRental\CarRental\ClientApp\app\not-found.component.js
F:\Git\CarRental\CarRental\ClientApp\app\not-found.component.js.map
F:\Git\CarRental\CarRental\ClientApp\app\app.module.js
F:\Git\CarRental\CarRental\ClientApp\app\app.module.js.map
F:\Git\CarRental\CarRental\ClientApp\main.js
F:\Git\CarRental\CarRental\ClientApp\main.js.map
F:\Git\CarRental\CarRental\ClientApp\polyfills.js
F:\Git\CarRental\CarRental\ClientApp\polyfills.js.map
